&{true wxrobot.ini :6161 0.0.1 Mr.REE /Users/reezhou/Desktop/xman/src/github.com/reechou/gorobot/blog_right.png false 双12快来啦，我朋友有一个淘宝购物优惠群哦，和很多信誉商家合作推出优惠券，原价200的宝贝，120的优惠券，下单只要80块，有没有很省啊，双11错过了，双12必须省啊，优惠券天天有，需要我可以拉你进群哦 /Users/reezhou/Desktop/xman/src/github.com/reechou/gorobot/event.txt {127.0.0.1:6379 1 WxMember } {127.0.0.1:6379 1 WxRank } {127.0.0.1:6379 2 WxRank }}
time="2016-12-05T13:25:09+08:00" level=debug msg="start load event file" 
time="2016-12-05T13:25:09+08:00" level=info msg="load event filter: [0xc82007cf00 0xc82007d040]." 
time="2016-12-05T13:25:09+08:00" level=info msg="load event file[/Users/reezhou/Desktop/xman/src/github.com/reechou/gorobot/event.txt] success." 
time="2016-12-05T13:25:09+08:00" level=debug msg="filter wechat[小健健] Event[receivemsg] Do[sendmsg^group^小健健信息交流群^text>>>消息来自【$fromgroup】消息发送人【$fromuser】$frommsg\n] start run." 
time="2016-12-05T13:25:09+08:00" level=debug msg="filter wechat[小背带] Event[receivemsg] Do[sendmsg^people^$from^text>>>我是小背带[呲牙]\\n有什么能帮助你吗\n] start run." 
time="2016-12-05T13:25:09+08:00" level=debug msg="event manager start run." 
time="2016-12-05T13:25:09+08:00" level=debug msg="filters: map[小健健:[0xc82007cfa0] 小背带:[0xc82007cf00 0xc82007d040]]" 
time="2016-12-05T13:25:09+08:00" level=debug msg="filter wechat[小背带] Event[receivemsg] Do[sendmsg^group^小健健信息交流群^text>>>消息来自【$fromgroup】消息发送人【$fromuser】$frommsg\n] start run." 
time="2016-12-05T13:25:09+08:00" level=info msg="wxweb http server starting..." 
time="2016-12-05T13:25:09+08:00" level=debug msg="start run logic check wx status." 
&{true wxrobot.ini :6161 0.0.1 Mr.REE /Users/reezhou/Desktop/xman/src/github.com/reechou/gorobot/blog_right.png false 双12快来啦，我朋友有一个淘宝购物优惠群哦，和很多信誉商家合作推出优惠券，原价200的宝贝，120的优惠券，下单只要80块，有没有很省啊，双11错过了，双12必须省啊，优惠券天天有，需要我可以拉你进群哦 /Users/reezhou/Desktop/xman/src/github.com/reechou/gorobot/event.txt {127.0.0.1:6379 1 WxMember } {127.0.0.1:6379 1 WxRank } {127.0.0.1:6379 2 WxRank }}
time="2016-12-05T13:25:43+08:00" level=debug msg="start load event file" 
time="2016-12-05T13:25:43+08:00" level=info msg="load event filter: [0xc820088f00 0xc820089040]." 
time="2016-12-05T13:25:43+08:00" level=info msg="load event file[/Users/reezhou/Desktop/xman/src/github.com/reechou/gorobot/event.txt] success." 
time="2016-12-05T13:25:43+08:00" level=debug msg="filter wechat[小健健] Event[receivemsg] Do[sendmsg^group^小健健信息交流群^text>>>消息来自【$fromgroup】消息发送人【$fromuser】$frommsg\n] start run." 
time="2016-12-05T13:25:43+08:00" level=debug msg="filter wechat[小背带] Event[receivemsg] Do[sendmsg^group^小健健信息交流群^text>>>消息来自【$fromgroup】消息发送人【$fromuser】$frommsg\n] start run." 
time="2016-12-05T13:25:43+08:00" level=debug msg="filter wechat[小背带] Event[receivemsg] Do[sendmsg^people^$from^text>>>我是小背带[呲牙]\\\\n有什么能帮助你吗\n] start run." 
time="2016-12-05T13:25:43+08:00" level=debug msg="event manager start run." 
time="2016-12-05T13:25:43+08:00" level=debug msg="filters: map[小背带:[0xc820088f00 0xc820089040] 小健健:[0xc820088fa0]]" 
time="2016-12-05T13:25:43+08:00" level=info msg="wxweb http server starting..." 
time="2016-12-05T13:25:43+08:00" level=debug msg="start run logic check wx status." 
&{true wxrobot.ini :6161 0.0.1 Mr.REE /Users/reezhou/Desktop/xman/src/github.com/reechou/gorobot/blog_right.png false 双12快来啦，我朋友有一个淘宝购物优惠群哦，和很多信誉商家合作推出优惠券，原价200的宝贝，120的优惠券，下单只要80块，有没有很省啊，双11错过了，双12必须省啊，优惠券天天有，需要我可以拉你进群哦 /Users/reezhou/Desktop/xman/src/github.com/reechou/gorobot/event.txt {127.0.0.1:6379 1 WxMember } {127.0.0.1:6379 1 WxRank } {127.0.0.1:6379 2 WxRank }}
time="2016-12-05T13:26:15+08:00" level=debug msg="start load event file" 
time="2016-12-05T13:26:15+08:00" level=info msg="load event filter: [0xc820080f00 0xc820081040]." 
time="2016-12-05T13:26:15+08:00" level=info msg="load event file[/Users/reezhou/Desktop/xman/src/github.com/reechou/gorobot/event.txt] success." 
time="2016-12-05T13:26:15+08:00" level=debug msg="event manager start run." 
time="2016-12-05T13:26:15+08:00" level=debug msg="filters: map[小背带:[0xc820080f00 0xc820081040] 小健健:[0xc820080fa0]]" 
time="2016-12-05T13:26:15+08:00" level=debug msg="filter wechat[小背带] Event[receivemsg] Do[sendmsg^group^小健健信息交流群^text>>>消息来自【$fromgroup】消息发送人【$fromuser】$frommsg\n] start run." 
time="2016-12-05T13:26:15+08:00" level=debug msg="filter wechat[小健健] Event[receivemsg] Do[sendmsg^group^小健健信息交流群^text>>>消息来自【$fromgroup】消息发送人【$fromuser】$frommsg\n] start run." 
time="2016-12-05T13:26:15+08:00" level=debug msg="filter wechat[小背带] Event[receivemsg] Do[sendmsg^people^$from^text>>>我是小背带[呲牙]/\\/\\n有什么能帮助你吗\n] start run." 
time="2016-12-05T13:26:15+08:00" level=info msg="wxweb http server starting..." 
time="2016-12-05T13:26:15+08:00" level=debug msg="start run logic check wx status." 
&{true wxrobot.ini :6161 0.0.1 Mr.REE /Users/reezhou/Desktop/xman/src/github.com/reechou/gorobot/blog_right.png false 双12快来啦，我朋友有一个淘宝购物优惠群哦，和很多信誉商家合作推出优惠券，原价200的宝贝，120的优惠券，下单只要80块，有没有很省啊，双11错过了，双12必须省啊，优惠券天天有，需要我可以拉你进群哦 /Users/reezhou/Desktop/xman/src/github.com/reechou/gorobot/event.txt {127.0.0.1:6379 1 WxMember } {127.0.0.1:6379 1 WxRank } {127.0.0.1:6379 2 WxRank }}
time="2016-12-05T13:26:18+08:00" level=debug msg="start load event file" 
time="2016-12-05T13:26:18+08:00" level=info msg="load event filter: [0xc82007ce60 0xc82007cfa0]." 
time="2016-12-05T13:26:18+08:00" level=info msg="load event file[/Users/reezhou/Desktop/xman/src/github.com/reechou/gorobot/event.txt] success." 
time="2016-12-05T13:26:18+08:00" level=debug msg="event manager start run." 
time="2016-12-05T13:26:18+08:00" level=debug msg="filter wechat[小健健] Event[receivemsg] Do[sendmsg^group^小健健信息交流群^text>>>消息来自【$fromgroup】消息发送人【$fromuser】$frommsg\n] start run." 
time="2016-12-05T13:26:18+08:00" level=debug msg="filters: map[小背带:[0xc82007ce60 0xc82007cfa0] 小健健:[0xc82007cf00]]" 
time="2016-12-05T13:26:18+08:00" level=debug msg="filter wechat[小背带] Event[receivemsg] Do[sendmsg^group^小健健信息交流群^text>>>消息来自【$fromgroup】消息发送人【$fromuser】$frommsg\n] start run." 
time="2016-12-05T13:26:18+08:00" level=debug msg="filter wechat[小背带] Event[receivemsg] Do[sendmsg^people^$from^text>>>我是小背带[呲牙]/\\/\\n有什么能帮助你吗\n] start run." 
time="2016-12-05T13:26:18+08:00" level=info msg="wxweb http server starting..." 
time="2016-12-05T13:26:18+08:00" level=debug msg="start run logic check wx status." 
&{true wxrobot.ini :6161 0.0.1 Mr.REE /Users/reezhou/Desktop/xman/src/github.com/reechou/gorobot/blog_right.png false 双12快来啦，我朋友有一个淘宝购物优惠群哦，和很多信誉商家合作推出优惠券，原价200的宝贝，120的优惠券，下单只要80块，有没有很省啊，双11错过了，双12必须省啊，优惠券天天有，需要我可以拉你进群哦 /Users/reezhou/Desktop/xman/src/github.com/reechou/gorobot/event.txt {127.0.0.1:6379 1 WxMember } {127.0.0.1:6379 1 WxRank } {127.0.0.1:6379 2 WxRank }}
time="2016-12-05T13:30:24+08:00" level=debug msg="start load event file" 
time="2016-12-05T13:30:24+08:00" level=info msg="load event filter: [0xc820088e60 0xc820088fa0]." 
time="2016-12-05T13:30:24+08:00" level=info msg="load event file[/Users/reezhou/Desktop/xman/src/github.com/reechou/gorobot/event.txt] success." 
time="2016-12-05T13:30:24+08:00" level=debug msg="filter wechat[小健健] Event[receivemsg] Do[sendmsg^group^小健健信息交流群^text>>>消息来自【$fromgroup】消息发送人【$fromuser】$frommsg\n] start run." 
time="2016-12-05T13:30:24+08:00" level=debug msg="filter wechat[小背带] Event[receivemsg] Do[sendmsg^people^$from^text>>>我是小背带[呲牙]\\n有什么能帮助你吗\n] start run." 
time="2016-12-05T13:30:24+08:00" level=debug msg="event manager start run." 
time="2016-12-05T13:30:24+08:00" level=debug msg="filters: map[小背带:[0xc820088e60 0xc820088fa0] 小健健:[0xc820088f00]]" 
time="2016-12-05T13:30:24+08:00" level=debug msg="filter wechat[小背带] Event[receivemsg] Do[sendmsg^group^小健健信息交流群^text>>>消息来自【$fromgroup】消息发送人【$fromuser】$frommsg\n] start run." 
time="2016-12-05T13:30:24+08:00" level=info msg="wxweb http server starting..." 
time="2016-12-05T13:30:24+08:00" level=debug msg="start run logic check wx status." 
time="2016-12-05T13:30:38+08:00" level=info msg="[*] 微信网页版 ... 开动" 
time="2016-12-05T13:30:38+08:00" level=info msg="[*] 正在获取 uuid ... " 
time="2016-12-05T13:30:38+08:00" level=info msg="\t成功,用时 0.22200 秒" 
time="2016-12-05T13:30:38+08:00" level=info msg="[*] 正在获取 二维码 ... " 
time="2016-12-05T13:30:38+08:00" level=info msg="\t成功,用时 0.20937 秒" 
time="2016-12-05T13:30:38+08:00" level=info msg="[*] 请使用微信扫描二维码以登录 ... uuid[wcQhgjVf5w==]" 
time="2016-12-05T13:30:38+08:00" level=debug msg="[WxHttpSrv][httpWrap] http: request url[/startwx] use_time[436.95779ms]" 
time="2016-12-05T13:30:43+08:00" level=info msg="[*] 请在手机上点击确认以登录 ... " 
time="2016-12-05T13:30:45+08:00" level=info msg="[*] 正在登录 ... " 
time="2016-12-05T13:30:46+08:00" level=info msg="\t成功,用时 1.34215 秒" 
time="2016-12-05T13:30:46+08:00" level=info msg="[*] 微信初始化 ... " 
time="2016-12-05T13:30:47+08:00" level=debug msg="新增群组: " 
time="2016-12-05T13:30:47+08:00" level=debug msg="群组user name: @@89630103d5320d43b7da0c49cc74387b19fa87b5458cde558c6016401167933d" 
time="2016-12-05T13:30:47+08:00" level=debug msg="新增群组: " 
time="2016-12-05T13:30:47+08:00" level=debug msg="群组user name: @@fd7f780bda003328e527457b9f1d1afb4f0d9dda2ffa0dabe12b9e137a9e0b4d" 
time="2016-12-05T13:30:47+08:00" level=debug msg="新增群组: " 
time="2016-12-05T13:30:47+08:00" level=debug msg="群组user name: @@1f0c4bdc64d772acd1de5428f2dc59144e5153624729f02c2438b3e3f80b9d99" 
time="2016-12-05T13:30:47+08:00" level=debug msg="新增群组: " 
time="2016-12-05T13:30:47+08:00" level=debug msg="群组user name: @@1e05023066edfa2356570e6c49a6453c3819af5c05b2ebe2735a4dd67f0bd80a" 
time="2016-12-05T13:30:47+08:00" level=debug msg="新增群组: " 
time="2016-12-05T13:30:47+08:00" level=debug msg="群组user name: @@c0c95a9f9c95c62daffcdbeed162d3a6c581a204105c42bb023aa42a2fb6c3d1" 
time="2016-12-05T13:30:47+08:00" level=debug msg="新增群组: " 
time="2016-12-05T13:30:47+08:00" level=debug msg="群组user name: @@a3034121d8dce633c10d1084d556c27b2c5db06254cff55d4f84ed0353124edf" 
time="2016-12-05T13:30:47+08:00" level=debug msg="webwxinit get group num: 6" 
time="2016-12-05T13:30:47+08:00" level=info msg="\t成功,用时 0.76640 秒" 
time="2016-12-05T13:30:47+08:00" level=info msg="[*] 开启状态通知 ... " 
time="2016-12-05T13:30:47+08:00" level=info msg="\t成功,用时 0.09972 秒" 
time="2016-12-05T13:30:47+08:00" level=info msg="[*] 进行同步线路测试 ... " 
time="2016-12-05T13:30:47+08:00" level=info msg="\t成功,用时 0.19909 秒" 
time="2016-12-05T13:30:47+08:00" level=info msg="[*] 获取好友列表 ... " 
time="2016-12-05T13:30:48+08:00" level=debug msg="weixin 微信团队" 
time="2016-12-05T13:30:48+08:00" level=debug msg="@39de2ae6dbc54e853df82bc98ac6b085 特卖网购优惠券" 
time="2016-12-05T13:30:48+08:00" level=debug msg="@e1def7009675ecb2e98c9d93ddd9ca8f 我的杭州" 
time="2016-12-05T13:30:48+08:00" level=debug msg="@044a00450860bef91d0c898909fc0563 Mr.REE" 
time="2016-12-05T13:30:48+08:00" level=debug msg="test nickname[Mr.REE] username[@044a00450860bef91d0c898909fc0563]" 
time="2016-12-05T13:30:48+08:00" level=debug msg="@9405d7d3e113b7a7779968c231806c0b 免费电影院" 
time="2016-12-05T13:30:48+08:00" level=debug msg="@0e553ed6cd93b87865125f9dfe88e5e8 公众号安全助手" 
time="2016-12-05T13:30:48+08:00" level=debug msg="@53453d654b59596cecf70264d557da39 ✑、淡然" 
time="2016-12-05T13:30:48+08:00" level=debug msg="@63db1442ea86f54a583a9c908818229cb91957c1d6a99785e6694246bfef4aa8 婷婷" 
time="2016-12-05T13:30:48+08:00" level=debug msg="@f0f74999dc151e2e51f2846dbd8cd9ec56f1a7150a9c6ac87ea468ba48504dca 叽大爷Miss.J<span class=\"emoji emoji1f493\"></span>" 
time="2016-12-05T13:30:48+08:00" level=debug msg="@00bb56afca22fc3779006f9128f907c10c8aca9b9bbd2caa06839445492abc69 小健健" 
time="2016-12-05T13:30:48+08:00" level=debug msg="@0b1ccc4e1225109337a39a2a689930a8 网购猎手" 
time="2016-12-05T13:30:48+08:00" level=debug msg="@44e2811f30c4f140f3a324725c2c67db0e973c496a8343a64799338d1ec25121 铅笔" 
time="2016-12-05T13:30:48+08:00" level=debug msg="@8ab0e1e63aab62c2acfa1e9c7122dd90 小绿" 
time="2016-12-05T13:30:48+08:00" level=debug msg="@36ace46da1d9f1639a28d8c3465dcc79775e7c9e05b7f04d730bb26e7f462e59 枫<span class=\"emoji emoji1f33f\"></span>" 
time="2016-12-05T13:30:48+08:00" level=debug msg="@@1f0c4bdc64d772acd1de5428f2dc59144e5153624729f02c2438b3e3f80b9d99 天猫淘宝白菜价37群" 
time="2016-12-05T13:30:48+08:00" level=debug msg="新增群组: 天猫淘宝白菜价37群" 
time="2016-12-05T13:30:48+08:00" level=debug msg="群组user name: @@1f0c4bdc64d772acd1de5428f2dc59144e5153624729f02c2438b3e3f80b9d99" 
time="2016-12-05T13:30:48+08:00" level=debug msg="@@fd7f780bda003328e527457b9f1d1afb4f0d9dda2ffa0dabe12b9e137a9e0b4d 天猫淘宝白菜价39群" 
time="2016-12-05T13:30:48+08:00" level=debug msg="新增群组: 天猫淘宝白菜价39群" 
time="2016-12-05T13:30:48+08:00" level=debug msg="群组user name: @@fd7f780bda003328e527457b9f1d1afb4f0d9dda2ffa0dabe12b9e137a9e0b4d" 
time="2016-12-05T13:30:48+08:00" level=debug msg="@@1e05023066edfa2356570e6c49a6453c3819af5c05b2ebe2735a4dd67f0bd80a 天猫淘宝白菜价38群" 
time="2016-12-05T13:30:48+08:00" level=debug msg="新增群组: 天猫淘宝白菜价38群" 
time="2016-12-05T13:30:48+08:00" level=debug msg="群组user name: @@1e05023066edfa2356570e6c49a6453c3819af5c05b2ebe2735a4dd67f0bd80a" 
time="2016-12-05T13:30:48+08:00" level=debug msg="@@a3034121d8dce633c10d1084d556c27b2c5db06254cff55d4f84ed0353124edf 小健健信息交流群" 
time="2016-12-05T13:30:48+08:00" level=debug msg="新增群组: 小健健信息交流群" 
time="2016-12-05T13:30:48+08:00" level=debug msg="群组user name: @@a3034121d8dce633c10d1084d556c27b2c5db06254cff55d4f84ed0353124edf" 
time="2016-12-05T13:30:48+08:00" level=debug msg="@@89630103d5320d43b7da0c49cc74387b19fa87b5458cde558c6016401167933d 天猫淘宝白菜价36群" 
time="2016-12-05T13:30:48+08:00" level=debug msg="新增群组: 天猫淘宝白菜价36群" 
time="2016-12-05T13:30:48+08:00" level=debug msg="群组user name: @@89630103d5320d43b7da0c49cc74387b19fa87b5458cde558c6016401167933d" 
time="2016-12-05T13:30:48+08:00" level=debug msg="@@c0c95a9f9c95c62daffcdbeed162d3a6c581a204105c42bb023aa42a2fb6c3d1 天猫淘宝白菜价40群" 
time="2016-12-05T13:30:48+08:00" level=debug msg="新增群组: 天猫淘宝白菜价40群" 
time="2016-12-05T13:30:48+08:00" level=debug msg="群组user name: @@c0c95a9f9c95c62daffcdbeed162d3a6c581a204105c42bb023aa42a2fb6c3d1" 
time="2016-12-05T13:30:48+08:00" level=debug msg="webwxgetcontact get group num: 6" 
time="2016-12-05T13:30:48+08:00" level=info msg="\t成功,用时 0.47485 秒" 
time="2016-12-05T13:30:48+08:00" level=info msg="[*] 获取群列表 ... " 
time="2016-12-05T13:30:48+08:00" level=info msg="\t成功,用时 0.55386 秒" 
群: 天猫淘宝白菜价37群
群: 天猫淘宝白菜价38群
群: 天猫淘宝白菜价40群
群: 小健健信息交流群
群: 天猫淘宝白菜价36群
群: 天猫淘宝白菜价39群
[*] REAL-群组数: 0
[*] REAL-去重群成员总数: 0 0
time="2016-12-05T13:30:48+08:00" level=info msg="uuid[wcQhgjVf5w==] login success." 
time="2016-12-05T13:30:48+08:00" level=info msg="wx manager register wx[小背带] success." 
time="2016-12-05T13:30:51+08:00" level=debug msg="新增群组: 私密测试群" 
time="2016-12-05T13:30:51+08:00" level=debug msg="群组user name: @@77e5e6a6d3d5329966bac82a1f77516f54704df63881bb7e6ed27e686d5f430d" 
time="2016-12-05T13:30:51+08:00" level=debug msg="mod Contact group: @@77e5e6a6d3d5329966bac82a1f77516f54704df63881bb7e6ed27e686d5f430d oldmemberlen:0 newmemberlen: 5" 
time="2016-12-05T13:30:51+08:00" level=debug msg="mod Contact group: @@1f0c4bdc64d772acd1de5428f2dc59144e5153624729f02c2438b3e3f80b9d99 nickname: 天猫淘宝白菜价37群" 
time="2016-12-05T13:30:51+08:00" level=debug msg="mod Contact group: @@1f0c4bdc64d772acd1de5428f2dc59144e5153624729f02c2438b3e3f80b9d99 oldmemberlen:32 newmemberlen: 32" 
time="2016-12-05T13:30:51+08:00" level=debug msg="mod Contact group: @@fd7f780bda003328e527457b9f1d1afb4f0d9dda2ffa0dabe12b9e137a9e0b4d nickname: 天猫淘宝白菜价39群" 
time="2016-12-05T13:30:51+08:00" level=debug msg="mod Contact group: @@fd7f780bda003328e527457b9f1d1afb4f0d9dda2ffa0dabe12b9e137a9e0b4d oldmemberlen:47 newmemberlen: 47" 
time="2016-12-05T13:30:51+08:00" level=debug msg="mod Contact group: @@1e05023066edfa2356570e6c49a6453c3819af5c05b2ebe2735a4dd67f0bd80a nickname: 天猫淘宝白菜价38群" 
time="2016-12-05T13:30:51+08:00" level=debug msg="mod Contact group: @@1e05023066edfa2356570e6c49a6453c3819af5c05b2ebe2735a4dd67f0bd80a oldmemberlen:34 newmemberlen: 34" 
time="2016-12-05T13:30:51+08:00" level=debug msg="mod Contact group: @@a3034121d8dce633c10d1084d556c27b2c5db06254cff55d4f84ed0353124edf nickname: 小健健信息交流群" 
time="2016-12-05T13:30:51+08:00" level=debug msg="mod Contact group: @@a3034121d8dce633c10d1084d556c27b2c5db06254cff55d4f84ed0353124edf oldmemberlen:15 newmemberlen: 15" 
time="2016-12-05T13:30:51+08:00" level=debug msg="mod Contact group: @@89630103d5320d43b7da0c49cc74387b19fa87b5458cde558c6016401167933d nickname: 天猫淘宝白菜价36群" 
time="2016-12-05T13:30:51+08:00" level=debug msg="mod Contact group: @@89630103d5320d43b7da0c49cc74387b19fa87b5458cde558c6016401167933d oldmemberlen:27 newmemberlen: 27" 
time="2016-12-05T13:30:51+08:00" level=debug msg="[*] 成功截获微信初始化消息" 
time="2016-12-05T13:30:51+08:00" level=debug msg="[*] 成功截获微信初始化消息" 
time="2016-12-05T13:30:51+08:00" level=debug msg="[*] 成功截获微信初始化消息" 
time="2016-12-05T13:30:51+08:00" level=debug msg="mod Contact group: @@c0c95a9f9c95c62daffcdbeed162d3a6c581a204105c42bb023aa42a2fb6c3d1 nickname: 天猫淘宝白菜价40群" 
time="2016-12-05T13:30:51+08:00" level=debug msg="mod Contact group: @@c0c95a9f9c95c62daffcdbeed162d3a6c581a204105c42bb023aa42a2fb6c3d1 oldmemberlen:27 newmemberlen: 27" 
time="2016-12-05T13:30:51+08:00" level=debug msg="[*] 成功截获微信初始化消息" 
time="2016-12-05T13:30:51+08:00" level=debug msg="[*] 成功截获微信初始化消息" 
time="2016-12-05T13:30:51+08:00" level=debug msg="[*] 成功截获微信初始化消息" 
time="2016-12-05T13:30:51+08:00" level=debug msg="[*] 成功截获微信初始化消息" 
time="2016-12-05T13:30:51+08:00" level=debug msg="[*] 成功截获微信初始化消息" 
time="2016-12-05T13:30:51+08:00" level=debug msg="[*] 成功截获微信初始化消息" 
time="2016-12-05T13:30:51+08:00" level=debug msg="[*] 成功截获微信初始化消息" 
time="2016-12-05T13:30:58+08:00" level=debug msg="event manager reveive msg: &{小背带 receivemsg people @044a00450860bef91d0c898909fc0563 Mr.REE  a }" 
time="2016-12-05T13:30:58+08:00" level=debug msg="result:我是小背带[呲牙]\\n有什么能帮助你吗\n" 
time="2016-12-05T13:30:59+08:00" level=debug msg="wx send msg[我是小背带[呲牙]\\n有什么能帮助你吗\n] toUserName[@044a00450860bef91d0c898909fc0563] success." 
time="2016-12-05T13:31:03+08:00" level=debug msg="event manager reveive msg: &{小背带 receivemsg group @@89630103d5320d43b7da0c49cc74387b19fa87b5458cde558c6016401167933d 玖玖 天猫淘宝白菜价36群 【商品】感性の生活日系色纯棉男生女式低帮船袜短筒中长筒袜子5双礼盒装<br/>【原价】18.80元！<br/>【现价】13.8元 <br/>【抢券下单】http://shzurl.co/B9BMZc<br/>-----------------<br/>￥AAgkYrtp￥〖复制这条信息,打开[手机淘宝]即可领券并下单。〗 }" 
time="2016-12-05T13:31:16+08:00" level=debug msg="event manager reveive msg: &{小背带 receivemsg group @@fd7f780bda003328e527457b9f1d1afb4f0d9dda2ffa0dabe12b9e137a9e0b4d 玖玖 天猫淘宝白菜价39群 【商品】感性の生活日系色纯棉男生女式低帮船袜短筒中长筒袜子5双礼盒装<br/>【原价】18.80元！<br/>【现价】13.8元 <br/>【抢券下单】http://shzurl.co/B9BMZc<br/>-----------------<br/>￥AAgkYrtp￥〖复制这条信息,打开[手机淘宝]即可领券并下单。〗 }" 
time="2016-12-05T13:31:28+08:00" level=debug msg="event manager reveive msg: &{小背带 receivemsg group @@1f0c4bdc64d772acd1de5428f2dc59144e5153624729f02c2438b3e3f80b9d99 玖玖 天猫淘宝白菜价37群 【商品】感性の生活日系色纯棉男生女式低帮船袜短筒中长筒袜子5双礼盒装<br/>【原价】18.80元！<br/>【现价】13.8元 <br/>【抢券下单】http://shzurl.co/B9BMZc<br/>-----------------<br/>￥AAgkYrtp￥〖复制这条信息,打开[手机淘宝]即可领券并下单。〗 }" 
time="2016-12-05T13:31:41+08:00" level=debug msg="event manager reveive msg: &{小背带 receivemsg group @@1e05023066edfa2356570e6c49a6453c3819af5c05b2ebe2735a4dd67f0bd80a 玖玖 天猫淘宝白菜价38群 【商品】感性の生活日系色纯棉男生女式低帮船袜短筒中长筒袜子5双礼盒装<br/>【原价】18.80元！<br/>【现价】13.8元 <br/>【抢券下单】http://shzurl.co/B9BMZc<br/>-----------------<br/>￥AAgkYrtp￥〖复制这条信息,打开[手机淘宝]即可领券并下单。〗 }" 
time="2016-12-05T13:31:53+08:00" level=debug msg="event manager reveive msg: &{小背带 receivemsg group @@c0c95a9f9c95c62daffcdbeed162d3a6c581a204105c42bb023aa42a2fb6c3d1 玖玖 天猫淘宝白菜价40群 【商品】感性の生活日系色纯棉男生女式低帮船袜短筒中长筒袜子5双礼盒装<br/>【原价】18.80元！<br/>【现价】13.8元 <br/>【抢券下单】http://shzurl.co/B9BMZc<br/>-----------------<br/>￥AAgkYrtp￥〖复制这条信息,打开[手机淘宝]即可领券并下单。〗 }" 
&{true wxrobot.ini :6161 0.0.1 Mr.REE /Users/reezhou/Desktop/xman/src/github.com/reechou/gorobot/blog_right.png false 双12快来啦，我朋友有一个淘宝购物优惠群哦，和很多信誉商家合作推出优惠券，原价200的宝贝，120的优惠券，下单只要80块，有没有很省啊，双11错过了，双12必须省啊，优惠券天天有，需要我可以拉你进群哦 /Users/reezhou/Desktop/xman/src/github.com/reechou/gorobot/event.txt {127.0.0.1:6379 1 WxMember } {127.0.0.1:6379 1 WxRank } {127.0.0.1:6379 2 WxRank }}
time="2016-12-05T13:33:24+08:00" level=debug msg="start load event file" 
time="2016-12-05T13:33:24+08:00" level=info msg="load event filter: [0xc820088fa0 0xc8200890e0]." 
time="2016-12-05T13:33:24+08:00" level=info msg="load event file[/Users/reezhou/Desktop/xman/src/github.com/reechou/gorobot/event.txt] success." 
time="2016-12-05T13:33:24+08:00" level=debug msg="filter wechat[小背带] Event[receivemsg] Do[sendmsg^people^$from^text>>>我是小背带[呲牙]<br/>有什么能帮助你吗\n] start run." 
time="2016-12-05T13:33:24+08:00" level=debug msg="filter wechat[小背带] Event[receivemsg] Do[sendmsg^group^小健健信息交流群^text>>>消息来自【$fromgroup】消息发送人【$fromuser】$frommsg\n] start run." 
time="2016-12-05T13:33:24+08:00" level=debug msg="filter wechat[小健健] Event[receivemsg] Do[sendmsg^group^小健健信息交流群^text>>>消息来自【$fromgroup】消息发送人【$fromuser】$frommsg\n] start run." 
time="2016-12-05T13:33:24+08:00" level=debug msg="event manager start run." 
time="2016-12-05T13:33:24+08:00" level=debug msg="filters: map[小健健:[0xc820089040] 小背带:[0xc820088fa0 0xc8200890e0]]" 
time="2016-12-05T13:33:24+08:00" level=info msg="wxweb http server starting..." 
time="2016-12-05T13:33:24+08:00" level=debug msg="start run logic check wx status." 
&{true wxrobot.ini :6161 0.0.1 Mr.REE /Users/reezhou/Desktop/xman/src/github.com/reechou/gorobot/blog_right.png false 双12快来啦，我朋友有一个淘宝购物优惠群哦，和很多信誉商家合作推出优惠券，原价200的宝贝，120的优惠券，下单只要80块，有没有很省啊，双11错过了，双12必须省啊，优惠券天天有，需要我可以拉你进群哦 /Users/reezhou/Desktop/xman/src/github.com/reechou/gorobot/event.txt {127.0.0.1:6379 1 WxMember } {127.0.0.1:6379 1 WxRank } {127.0.0.1:6379 2 WxRank }}
time="2016-12-05T13:34:11+08:00" level=debug msg="start load event file" 
time="2016-12-05T13:34:11+08:00" level=info msg="load event filter: [0xc820090e60 0xc820090fa0]." 
time="2016-12-05T13:34:11+08:00" level=info msg="load event file[/Users/reezhou/Desktop/xman/src/github.com/reechou/gorobot/event.txt] success." 
time="2016-12-05T13:34:11+08:00" level=debug msg="filter wechat[小背带] Event[receivemsg] Do[sendmsg^people^$from^text>>>我是小背带[呲牙]<br/>有什么能帮助你吗\n] start run." 
time="2016-12-05T13:34:11+08:00" level=debug msg="filter wechat[小健健] Event[receivemsg] Do[sendmsg^group^小健健信息交流群^text>>>消息来自【$fromgroup】消息发送人【$fromuser】$frommsg\n] start run." 
time="2016-12-05T13:34:11+08:00" level=debug msg="filter wechat[小背带] Event[receivemsg] Do[sendmsg^group^小健健信息交流群^text>>>消息来自【$fromgroup】消息发送人【$fromuser】$frommsg\n] start run." 
time="2016-12-05T13:34:11+08:00" level=debug msg="event manager start run." 
time="2016-12-05T13:34:11+08:00" level=debug msg="filters: map[小背带:[0xc820090e60 0xc820090fa0] 小健健:[0xc820090f00]]" 
time="2016-12-05T13:34:11+08:00" level=info msg="wxweb http server starting..." 
time="2016-12-05T13:34:11+08:00" level=debug msg="start run logic check wx status." 
&{true wxrobot.ini :6161 0.0.1 Mr.REE /Users/reezhou/Desktop/xman/src/github.com/reechou/gorobot/blog_right.png false 双12快来啦，我朋友有一个淘宝购物优惠群哦，和很多信誉商家合作推出优惠券，原价200的宝贝，120的优惠券，下单只要80块，有没有很省啊，双11错过了，双12必须省啊，优惠券天天有，需要我可以拉你进群哦 /Users/reezhou/Desktop/xman/src/github.com/reechou/gorobot/event.txt {127.0.0.1:6379 1 WxMember } {127.0.0.1:6379 1 WxRank } {127.0.0.1:6379 2 WxRank }}
time="2016-12-05T13:34:37+08:00" level=debug msg="start load event file" 
time="2016-12-05T13:34:37+08:00" level=info msg="load event filter: [0xc820088e60 0xc820088fa0]." 
time="2016-12-05T13:34:37+08:00" level=info msg="load event file[/Users/reezhou/Desktop/xman/src/github.com/reechou/gorobot/event.txt] success." 
time="2016-12-05T13:34:37+08:00" level=debug msg="filter wechat[小健健] Event[receivemsg] Do[sendmsg^group^小健健信息交流群^text>>>消息来自【$fromgroup】消息发送人【$fromuser】$frommsg\n] start run." 
time="2016-12-05T13:34:37+08:00" level=debug msg="filter wechat[小背带] Event[receivemsg] Do[sendmsg^people^$from^text>>>我是小背带[呲牙]<br/>有什么能帮助你吗\n] start run." 
time="2016-12-05T13:34:37+08:00" level=debug msg="event manager start run." 
time="2016-12-05T13:34:37+08:00" level=debug msg="filters: map[小背带:[0xc820088e60 0xc820088fa0] 小健健:[0xc820088f00]]" 
time="2016-12-05T13:34:37+08:00" level=debug msg="filter wechat[小背带] Event[receivemsg] Do[sendmsg^group^小健健信息交流群^text>>>消息来自【$fromgroup】消息发送人【$fromuser】$frommsg\n] start run." 
time="2016-12-05T13:34:37+08:00" level=info msg="wxweb http server starting..." 
time="2016-12-05T13:34:37+08:00" level=debug msg="start run logic check wx status." 
&{true wxrobot.ini :6161 0.0.1 Mr.REE /Users/reezhou/Desktop/xman/src/github.com/reechou/gorobot/blog_right.png false 双12快来啦，我朋友有一个淘宝购物优惠群哦，和很多信誉商家合作推出优惠券，原价200的宝贝，120的优惠券，下单只要80块，有没有很省啊，双11错过了，双12必须省啊，优惠券天天有，需要我可以拉你进群哦 /Users/reezhou/Desktop/xman/src/github.com/reechou/gorobot/event.txt {127.0.0.1:6379 1 WxMember } {127.0.0.1:6379 1 WxRank } {127.0.0.1:6379 2 WxRank }}
time="2016-12-05T13:35:23+08:00" level=debug msg="start load event file" 
time="2016-12-05T13:35:23+08:00" level=debug msg="我是小背带[呲牙]<br/>有什么能帮助你吗\n" 
time="2016-12-05T13:35:23+08:00" level=debug msg="我是小背带[呲牙]\\n有什么能帮助你吗\n" 
time="2016-12-05T13:35:23+08:00" level=debug msg="消息来自【$fromgroup】消息发送人【$fromuser】$frommsg\n" 
time="2016-12-05T13:35:23+08:00" level=debug msg="消息来自【$fromgroup】消息发送人【$fromuser】$frommsg\n" 
time="2016-12-05T13:35:23+08:00" level=debug msg="消息来自【$fromgroup】消息发送人【$fromuser】$frommsg\n" 
time="2016-12-05T13:35:23+08:00" level=debug msg="消息来自【$fromgroup】消息发送人【$fromuser】$frommsg\n" 
time="2016-12-05T13:35:23+08:00" level=info msg="load event filter: [0xc820088e60 0xc820088fa0]." 
time="2016-12-05T13:35:23+08:00" level=info msg="load event file[/Users/reezhou/Desktop/xman/src/github.com/reechou/gorobot/event.txt] success." 
time="2016-12-05T13:35:23+08:00" level=debug msg="filter wechat[小背带] Event[receivemsg] Do[sendmsg^people^$from^text>>>我是小背带[呲牙]<br/>有什么能帮助你吗\n] start run." 
time="2016-12-05T13:35:23+08:00" level=debug msg="filter wechat[小健健] Event[receivemsg] Do[sendmsg^group^小健健信息交流群^text>>>消息来自【$fromgroup】消息发送人【$fromuser】$frommsg\n] start run." 
time="2016-12-05T13:35:23+08:00" level=debug msg="filter wechat[小背带] Event[receivemsg] Do[sendmsg^group^小健健信息交流群^text>>>消息来自【$fromgroup】消息发送人【$fromuser】$frommsg\n] start run." 
time="2016-12-05T13:35:23+08:00" level=debug msg="event manager start run." 
time="2016-12-05T13:35:23+08:00" level=debug msg="filters: map[小健健:[0xc820088f00] 小背带:[0xc820088e60 0xc820088fa0]]" 
time="2016-12-05T13:35:23+08:00" level=info msg="wxweb http server starting..." 
time="2016-12-05T13:35:23+08:00" level=debug msg="start run logic check wx status." 
&{true wxrobot.ini :6161 0.0.1 Mr.REE /Users/reezhou/Desktop/xman/src/github.com/reechou/gorobot/blog_right.png false 双12快来啦，我朋友有一个淘宝购物优惠群哦，和很多信誉商家合作推出优惠券，原价200的宝贝，120的优惠券，下单只要80块，有没有很省啊，双11错过了，双12必须省啊，优惠券天天有，需要我可以拉你进群哦 /Users/reezhou/Desktop/xman/src/github.com/reechou/gorobot/event.txt {127.0.0.1:6379 1 WxMember } {127.0.0.1:6379 1 WxRank } {127.0.0.1:6379 2 WxRank }}
time="2016-12-05T13:39:32+08:00" level=debug msg="start load event file" 
time="2016-12-05T13:39:32+08:00" level=debug msg="我是小背带[呲牙]<br/>有什么能帮助你吗\n" 
time="2016-12-05T13:39:32+08:00" level=debug msg="我是小背带[呲牙]\n有什么能帮助你吗\n" 
time="2016-12-05T13:39:32+08:00" level=debug msg="消息来自【$fromgroup】消息发送人【$fromuser】$frommsg\n" 
time="2016-12-05T13:39:32+08:00" level=debug msg="消息来自【$fromgroup】消息发送人【$fromuser】$frommsg\n" 
time="2016-12-05T13:39:32+08:00" level=debug msg="消息来自【$fromgroup】消息发送人【$fromuser】$frommsg\n" 
time="2016-12-05T13:39:32+08:00" level=debug msg="消息来自【$fromgroup】消息发送人【$fromuser】$frommsg\n" 
time="2016-12-05T13:39:32+08:00" level=info msg="load event filter: [0xc820088e60 0xc820088fa0]." 
time="2016-12-05T13:39:32+08:00" level=info msg="load event file[/Users/reezhou/Desktop/xman/src/github.com/reechou/gorobot/event.txt] success." 
time="2016-12-05T13:39:32+08:00" level=debug msg="event manager start run." 
time="2016-12-05T13:39:32+08:00" level=debug msg="filters: map[小背带:[0xc820088e60 0xc820088fa0] 小健健:[0xc820088f00]]" 
time="2016-12-05T13:39:32+08:00" level=debug msg="filter wechat[小背带] Event[receivemsg] Do[sendmsg^people^$from^text>>>我是小背带[呲牙]<br/>有什么能帮助你吗\n] start run." 
time="2016-12-05T13:39:32+08:00" level=debug msg="filter wechat[小健健] Event[receivemsg] Do[sendmsg^group^小健健信息交流群^text>>>消息来自【$fromgroup】消息发送人【$fromuser】$frommsg\n] start run." 
time="2016-12-05T13:39:32+08:00" level=debug msg="filter wechat[小背带] Event[receivemsg] Do[sendmsg^group^小健健信息交流群^text>>>消息来自【$fromgroup】消息发送人【$fromuser】$frommsg\n] start run." 
time="2016-12-05T13:39:32+08:00" level=info msg="wxweb http server starting..." 
time="2016-12-05T13:39:32+08:00" level=debug msg="start run logic check wx status." 
time="2016-12-05T13:39:37+08:00" level=info msg="[*] 微信网页版 ... 开动" 
time="2016-12-05T13:39:37+08:00" level=info msg="[*] 正在获取 uuid ... " 
time="2016-12-05T13:39:37+08:00" level=info msg="\t成功,用时 0.26458 秒" 
time="2016-12-05T13:39:37+08:00" level=info msg="[*] 正在获取 二维码 ... " 
time="2016-12-05T13:39:38+08:00" level=info msg="\t成功,用时 0.33542 秒" 
time="2016-12-05T13:39:38+08:00" level=info msg="[*] 请使用微信扫描二维码以登录 ... uuid[Yc3OcTv1NA==]" 
time="2016-12-05T13:39:38+08:00" level=debug msg="[WxHttpSrv][httpWrap] http: request url[/startwx] use_time[603.667837ms]" 
time="2016-12-05T13:39:56+08:00" level=info msg="[*] 请在手机上点击确认以登录 ... " 
time="2016-12-05T13:39:59+08:00" level=info msg="[*] 正在登录 ... " 
time="2016-12-05T13:40:00+08:00" level=info msg="\t成功,用时 1.30139 秒" 
time="2016-12-05T13:40:00+08:00" level=info msg="[*] 微信初始化 ... " 
time="2016-12-05T13:40:01+08:00" level=debug msg="新增群组: " 
time="2016-12-05T13:40:01+08:00" level=debug msg="群组user name: @@87455b36331de90d9994570fa54f19fd4896a4f2bef666d4aa4a6652dede615f" 
time="2016-12-05T13:40:01+08:00" level=debug msg="新增群组: " 
time="2016-12-05T13:40:01+08:00" level=debug msg="群组user name: @@7639c48b5e17e894a0a28ac6d8a50455ad800366ba79571e22c879407a52fece" 
time="2016-12-05T13:40:01+08:00" level=debug msg="新增群组: " 
time="2016-12-05T13:40:01+08:00" level=debug msg="群组user name: @@93c792e229fd9dda264dd2fc13a41a004a4d76d59ba541d23c3a47cd103f6f2e" 
time="2016-12-05T13:40:01+08:00" level=debug msg="新增群组: " 
time="2016-12-05T13:40:01+08:00" level=debug msg="群组user name: @@93e858a33c7ae7841e3257b43a462232217bfee56f0e3d3b61b55ff6f588e6e0" 
time="2016-12-05T13:40:01+08:00" level=debug msg="新增群组: " 
time="2016-12-05T13:40:01+08:00" level=debug msg="群组user name: @@cedd264372cd24e0f9f98736145091b4355a3766d5c3719f71cad571adb7c0ef" 
time="2016-12-05T13:40:01+08:00" level=debug msg="新增群组: " 
time="2016-12-05T13:40:01+08:00" level=debug msg="群组user name: @@1b7bdec17059673a3bf4bec1cf62359c23353ba05b8582f72a65cd519c08d9cb" 
time="2016-12-05T13:40:01+08:00" level=debug msg="webwxinit get group num: 6" 
time="2016-12-05T13:40:01+08:00" level=info msg="\t成功,用时 0.83946 秒" 
time="2016-12-05T13:40:01+08:00" level=info msg="[*] 开启状态通知 ... " 
time="2016-12-05T13:40:02+08:00" level=info msg="\t成功,用时 0.29472 秒" 
time="2016-12-05T13:40:02+08:00" level=info msg="[*] 进行同步线路测试 ... " 
time="2016-12-05T13:40:03+08:00" level=info msg="\t成功,用时 1.35249 秒" 
time="2016-12-05T13:40:03+08:00" level=info msg="[*] 获取好友列表 ... " 
time="2016-12-05T13:40:04+08:00" level=debug msg="weixin 微信团队" 
time="2016-12-05T13:40:04+08:00" level=debug msg="@a02efa7ef4918add3e4be17e88babbc4 特卖网购优惠券" 
time="2016-12-05T13:40:04+08:00" level=debug msg="@2bae16a12bfca29faca2e8eafb7b6178 我的杭州" 
time="2016-12-05T13:40:04+08:00" level=debug msg="@01e01e9ff782eb7a918cb8424488ff79 Mr.REE" 
time="2016-12-05T13:40:04+08:00" level=debug msg="test nickname[Mr.REE] username[@01e01e9ff782eb7a918cb8424488ff79]" 
time="2016-12-05T13:40:04+08:00" level=debug msg="@ccc8311e963b44dc7cb030cd18794825 免费电影院" 
time="2016-12-05T13:40:04+08:00" level=debug msg="@081641f0f4d941f6b0bcaaeb2bd73200 公众号安全助手" 
time="2016-12-05T13:40:04+08:00" level=debug msg="@31fc64245293db21d2d24ccdc9769715 ✑、淡然" 
time="2016-12-05T13:40:04+08:00" level=debug msg="@ef69ec991a09af981c7c49c808dde40d15e50d4ca6cc964e1e07b46bfc3ce462 婷婷" 
time="2016-12-05T13:40:04+08:00" level=debug msg="@a91719f2400f8e1aa5cdc5e52aaafcd69ca056200fe1287ae9d91b8601c3de17 叽大爷Miss.J<span class=\"emoji emoji1f493\"></span>" 
time="2016-12-05T13:40:04+08:00" level=debug msg="@48d86720d91870c437fba4921db084a3dc2bd656dc7e48f2d1d2af1025942f21 小健健" 
time="2016-12-05T13:40:04+08:00" level=debug msg="@b7b7fe203ef8f9fe5b7656dcc948317e 网购猎手" 
time="2016-12-05T13:40:04+08:00" level=debug msg="@9d06f4939cc45c662a8c8c621bf1a38c54490bdf74dc2f46a45317a810449cfb 铅笔" 
time="2016-12-05T13:40:04+08:00" level=debug msg="@30c657ec3ecc36895595f4f38ea7f254 小绿" 
time="2016-12-05T13:40:04+08:00" level=debug msg="@0983757eadaa3855a25e84e5b022f68faf8eefcc688e21163aa4952a2e3d339f 枫<span class=\"emoji emoji1f33f\"></span>" 
time="2016-12-05T13:40:04+08:00" level=debug msg="@@93c792e229fd9dda264dd2fc13a41a004a4d76d59ba541d23c3a47cd103f6f2e 天猫淘宝白菜价37群" 
time="2016-12-05T13:40:04+08:00" level=debug msg="新增群组: 天猫淘宝白菜价37群" 
time="2016-12-05T13:40:04+08:00" level=debug msg="群组user name: @@93c792e229fd9dda264dd2fc13a41a004a4d76d59ba541d23c3a47cd103f6f2e" 
time="2016-12-05T13:40:04+08:00" level=debug msg="@@7639c48b5e17e894a0a28ac6d8a50455ad800366ba79571e22c879407a52fece 天猫淘宝白菜价39群" 
time="2016-12-05T13:40:04+08:00" level=debug msg="新增群组: 天猫淘宝白菜价39群" 
time="2016-12-05T13:40:04+08:00" level=debug msg="群组user name: @@7639c48b5e17e894a0a28ac6d8a50455ad800366ba79571e22c879407a52fece" 
time="2016-12-05T13:40:04+08:00" level=debug msg="@@93e858a33c7ae7841e3257b43a462232217bfee56f0e3d3b61b55ff6f588e6e0 天猫淘宝白菜价38群" 
time="2016-12-05T13:40:04+08:00" level=debug msg="新增群组: 天猫淘宝白菜价38群" 
time="2016-12-05T13:40:04+08:00" level=debug msg="群组user name: @@93e858a33c7ae7841e3257b43a462232217bfee56f0e3d3b61b55ff6f588e6e0" 
time="2016-12-05T13:40:04+08:00" level=debug msg="@@1b7bdec17059673a3bf4bec1cf62359c23353ba05b8582f72a65cd519c08d9cb 小健健信息交流群" 
time="2016-12-05T13:40:04+08:00" level=debug msg="新增群组: 小健健信息交流群" 
time="2016-12-05T13:40:04+08:00" level=debug msg="群组user name: @@1b7bdec17059673a3bf4bec1cf62359c23353ba05b8582f72a65cd519c08d9cb" 
time="2016-12-05T13:40:04+08:00" level=debug msg="@@87455b36331de90d9994570fa54f19fd4896a4f2bef666d4aa4a6652dede615f 天猫淘宝白菜价36群" 
time="2016-12-05T13:40:04+08:00" level=debug msg="新增群组: 天猫淘宝白菜价36群" 
time="2016-12-05T13:40:04+08:00" level=debug msg="群组user name: @@87455b36331de90d9994570fa54f19fd4896a4f2bef666d4aa4a6652dede615f" 
time="2016-12-05T13:40:04+08:00" level=debug msg="@@cedd264372cd24e0f9f98736145091b4355a3766d5c3719f71cad571adb7c0ef 天猫淘宝白菜价40群" 
time="2016-12-05T13:40:04+08:00" level=debug msg="新增群组: 天猫淘宝白菜价40群" 
time="2016-12-05T13:40:04+08:00" level=debug msg="群组user name: @@cedd264372cd24e0f9f98736145091b4355a3766d5c3719f71cad571adb7c0ef" 
time="2016-12-05T13:40:04+08:00" level=debug msg="webwxgetcontact get group num: 6" 
time="2016-12-05T13:40:04+08:00" level=info msg="\t成功,用时 0.58434 秒" 
time="2016-12-05T13:40:04+08:00" level=info msg="[*] 获取群列表 ... " 
time="2016-12-05T13:40:04+08:00" level=info msg="\t成功,用时 0.72522 秒" 
群: 天猫淘宝白菜价37群
群: 天猫淘宝白菜价38群
群: 天猫淘宝白菜价40群
群: 小健健信息交流群
群: 天猫淘宝白菜价36群
群: 天猫淘宝白菜价39群
[*] REAL-群组数: 0
[*] REAL-去重群成员总数: 0 0
time="2016-12-05T13:40:04+08:00" level=info msg="uuid[Yc3OcTv1NA==] login success." 
time="2016-12-05T13:40:04+08:00" level=info msg="wx manager register wx[小背带] success." 
time="2016-12-05T13:40:07+08:00" level=debug msg="新增群组: 私密测试群" 
time="2016-12-05T13:40:07+08:00" level=debug msg="群组user name: @@0bca3f59a8e4b62005adb6697ccd2bfeb5ee214bd6e87499dc1dacebe0497b92" 
time="2016-12-05T13:40:07+08:00" level=debug msg="mod Contact group: @@0bca3f59a8e4b62005adb6697ccd2bfeb5ee214bd6e87499dc1dacebe0497b92 oldmemberlen:0 newmemberlen: 5" 
time="2016-12-05T13:40:07+08:00" level=debug msg="mod Contact group: @@93c792e229fd9dda264dd2fc13a41a004a4d76d59ba541d23c3a47cd103f6f2e nickname: 天猫淘宝白菜价37群" 
time="2016-12-05T13:40:07+08:00" level=debug msg="mod Contact group: @@93c792e229fd9dda264dd2fc13a41a004a4d76d59ba541d23c3a47cd103f6f2e oldmemberlen:32 newmemberlen: 32" 
time="2016-12-05T13:40:07+08:00" level=debug msg="mod Contact group: @@7639c48b5e17e894a0a28ac6d8a50455ad800366ba79571e22c879407a52fece nickname: 天猫淘宝白菜价39群" 
time="2016-12-05T13:40:07+08:00" level=debug msg="mod Contact group: @@7639c48b5e17e894a0a28ac6d8a50455ad800366ba79571e22c879407a52fece oldmemberlen:47 newmemberlen: 47" 
time="2016-12-05T13:40:07+08:00" level=debug msg="mod Contact group: @@93e858a33c7ae7841e3257b43a462232217bfee56f0e3d3b61b55ff6f588e6e0 nickname: 天猫淘宝白菜价38群" 
time="2016-12-05T13:40:07+08:00" level=debug msg="mod Contact group: @@93e858a33c7ae7841e3257b43a462232217bfee56f0e3d3b61b55ff6f588e6e0 oldmemberlen:34 newmemberlen: 34" 
time="2016-12-05T13:40:07+08:00" level=debug msg="mod Contact group: @@1b7bdec17059673a3bf4bec1cf62359c23353ba05b8582f72a65cd519c08d9cb nickname: 小健健信息交流群" 
time="2016-12-05T13:40:07+08:00" level=debug msg="mod Contact group: @@1b7bdec17059673a3bf4bec1cf62359c23353ba05b8582f72a65cd519c08d9cb oldmemberlen:15 newmemberlen: 15" 
time="2016-12-05T13:40:07+08:00" level=debug msg="mod Contact group: @@87455b36331de90d9994570fa54f19fd4896a4f2bef666d4aa4a6652dede615f nickname: 天猫淘宝白菜价36群" 
time="2016-12-05T13:40:07+08:00" level=debug msg="mod Contact group: @@87455b36331de90d9994570fa54f19fd4896a4f2bef666d4aa4a6652dede615f oldmemberlen:27 newmemberlen: 27" 
time="2016-12-05T13:40:07+08:00" level=debug msg="[*] 成功截获微信初始化消息" 
time="2016-12-05T13:40:07+08:00" level=debug msg="[*] 成功截获微信初始化消息" 
time="2016-12-05T13:40:07+08:00" level=debug msg="[*] 成功截获微信初始化消息" 
time="2016-12-05T13:40:07+08:00" level=debug msg="[*] 成功截获微信初始化消息" 
time="2016-12-05T13:40:07+08:00" level=debug msg="[*] 成功截获微信初始化消息" 
time="2016-12-05T13:40:07+08:00" level=debug msg="[*] 成功截获微信初始化消息" 
time="2016-12-05T13:40:12+08:00" level=debug msg="mod Contact group: @@cedd264372cd24e0f9f98736145091b4355a3766d5c3719f71cad571adb7c0ef nickname: 天猫淘宝白菜价40群" 
time="2016-12-05T13:40:12+08:00" level=debug msg="mod Contact group: @@cedd264372cd24e0f9f98736145091b4355a3766d5c3719f71cad571adb7c0ef oldmemberlen:27 newmemberlen: 27" 
time="2016-12-05T13:40:12+08:00" level=debug msg="event manager reveive msg: &{小背带 receivemsg people @01e01e9ff782eb7a918cb8424488ff79 Mr.REE  a }" 
time="2016-12-05T13:40:13+08:00" level=debug msg="wx send msg[我是小背带[呲牙]\n有什么能帮助你吗\n] toUserName[@01e01e9ff782eb7a918cb8424488ff79] success." 
time="2016-12-05T13:40:33+08:00" level=debug msg="[*] 成功截获微信初始化消息" 
time="2016-12-05T13:40:53+08:00" level=debug msg="event manager reveive msg: &{小背带 receivemsg group @@87455b36331de90d9994570fa54f19fd4896a4f2bef666d4aa4a6652dede615f 玖玖 天猫淘宝白菜价36群 【商品】冬季护膝保暖老寒腿男女医用磁疗运动发热膝盖加肥长款关节防寒炎<br/>【原价】49.90元！<br/>【现价】19.9元 <br/>【抢券下单】http://shzurl.net/jgzmyR<br/>-----------------<br/>￥AAgklaef￥〖复制这条信息,打开[手机淘宝]即可领券并下单。〗 }" 
time="2016-12-05T13:41:05+08:00" level=debug msg="event manager reveive msg: &{小背带 receivemsg group @@7639c48b5e17e894a0a28ac6d8a50455ad800366ba79571e22c879407a52fece 玖玖 天猫淘宝白菜价39群 【商品】冬季护膝保暖老寒腿男女医用磁疗运动发热膝盖加肥长款关节防寒炎<br/>【原价】49.90元！<br/>【现价】19.9元 <br/>【抢券下单】http://shzurl.net/jgzmyR<br/>-----------------<br/>￥AAgklaef￥〖复制这条信息,打开[手机淘宝]即可领券并下单。〗 }" 
time="2016-12-05T13:41:19+08:00" level=debug msg="event manager reveive msg: &{小背带 receivemsg group @@93c792e229fd9dda264dd2fc13a41a004a4d76d59ba541d23c3a47cd103f6f2e 玖玖 天猫淘宝白菜价37群 【商品】冬季护膝保暖老寒腿男女医用磁疗运动发热膝盖加肥长款关节防寒炎<br/>【原价】49.90元！<br/>【现价】19.9元 <br/>【抢券下单】http://shzurl.net/jgzmyR<br/>-----------------<br/>￥AAgklaef￥〖复制这条信息,打开[手机淘宝]即可领券并下单。〗 }" 
time="2016-12-05T13:41:29+08:00" level=debug msg="event manager reveive msg: &{小背带 receivemsg group @@93e858a33c7ae7841e3257b43a462232217bfee56f0e3d3b61b55ff6f588e6e0 玖玖 天猫淘宝白菜价38群 【商品】冬季护膝保暖老寒腿男女医用磁疗运动发热膝盖加肥长款关节防寒炎<br/>【原价】49.90元！<br/>【现价】19.9元 <br/>【抢券下单】http://shzurl.net/jgzmyR<br/>-----------------<br/>￥AAgklaef￥〖复制这条信息,打开[手机淘宝]即可领券并下单。〗 }" 
time="2016-12-05T13:41:41+08:00" level=debug msg="event manager reveive msg: &{小背带 receivemsg group @@cedd264372cd24e0f9f98736145091b4355a3766d5c3719f71cad571adb7c0ef 玖玖 天猫淘宝白菜价40群 【商品】冬季护膝保暖老寒腿男女医用磁疗运动发热膝盖加肥长款关节防寒炎<br/>【原价】49.90元！<br/>【现价】19.9元 <br/>【抢券下单】http://shzurl.net/jgzmyR<br/>-----------------<br/>￥AAgklaef￥〖复制这条信息,打开[手机淘宝]即可领券并下单。〗 }" 
time="2016-12-05T13:44:22+08:00" level=debug msg="mod Contact group: @@cedd264372cd24e0f9f98736145091b4355a3766d5c3719f71cad571adb7c0ef nickname: 天猫淘宝白菜价40群" 
time="2016-12-05T13:44:22+08:00" level=debug msg="mod Contact group: @@cedd264372cd24e0f9f98736145091b4355a3766d5c3719f71cad571adb7c0ef oldmemberlen:27 newmemberlen: 27" 
time="2016-12-05T13:44:22+08:00" level=debug msg="event manager reveive msg: &{小背带 receivemsg group @@cedd264372cd24e0f9f98736145091b4355a3766d5c3719f71cad571adb7c0ef 玖玖 天猫淘宝白菜价40群 【商品】新款双肩包女男士背包高中学生书包初中学院风韩版潮女休闲旅行包<br/>【原价】79.90元！<br/>【现价】39.9元 <br/>【抢券下单】http://shzurl.net/J7RWc3<br/>-----------------<br/>￥AAgksVqM￥〖复制这条信息,打开[手机淘宝]即可领券并下单。〗 }" 
time="2016-12-05T13:45:06+08:00" level=debug msg="event manager reveive msg: &{小背带 receivemsg group @@93c792e229fd9dda264dd2fc13a41a004a4d76d59ba541d23c3a47cd103f6f2e 玖玖 天猫淘宝白菜价37群 【商品】新款双肩包女男士背包高中学生书包初中学院风韩版潮女休闲旅行包<br/>【原价】79.90元！<br/>【现价】39.9元 <br/>【抢券下单】http://shzurl.net/J7RWc3<br/>-----------------<br/>￥AAgksVqM￥〖复制这条信息,打开[手机淘宝]即可领券并下单。〗 }" 
time="2016-12-05T13:45:20+08:00" level=debug msg="event manager reveive msg: &{小背带 receivemsg group @@7639c48b5e17e894a0a28ac6d8a50455ad800366ba79571e22c879407a52fece 玖玖 天猫淘宝白菜价39群 【商品】新款双肩包女男士背包高中学生书包初中学院风韩版潮女休闲旅行包<br/>【原价】79.90元！<br/>【现价】39.9元 <br/>【抢券下单】http://shzurl.net/J7RWc3<br/>-----------------<br/>￥AAgksVqM￥〖复制这条信息,打开[手机淘宝]即可领券并下单。〗 }" 
time="2016-12-05T13:45:33+08:00" level=debug msg="event manager reveive msg: &{小背带 receivemsg group @@87455b36331de90d9994570fa54f19fd4896a4f2bef666d4aa4a6652dede615f 玖玖 天猫淘宝白菜价36群 【商品】新款双肩包女男士背包高中学生书包初中学院风韩版潮女休闲旅行包<br/>【原价】79.90元！<br/>【现价】39.9元 <br/>【抢券下单】http://shzurl.net/J7RWc3<br/>-----------------<br/>￥AAgksVqM￥〖复制这条信息,打开[手机淘宝]即可领券并下单。〗 }" 
time="2016-12-05T13:49:20+08:00" level=debug msg="receive nickName[幂幂] with friend." 
time="2016-12-05T13:49:20+08:00" level=debug msg="webwxverifyuser usrname[@43bfbeb2ca9312595f76f9c90473133816b7e11320ada492ac9e01d71628e5be] success, get data[{\n\"BaseResponse\": {\n\"Ret\": 0,\n\"ErrMsg\": \"\"\n}\n\n}\n]." 
time="2016-12-05T13:49:23+08:00" level=debug msg="upload data: map[BaseResponse:map[Ret:0 ErrMsg:] MediaId:@crypt_19e67973_5e17ba7aa79e17616886b8ec8c6c3a3316a6c5db54bc6f683d91f3181ef7ec4cdd896764e193aa65f89676539325b136cf8355cf798e4be81268c54d6934b00ac914c1221908100df7b7cf08cfdfc74f534bad212a199f7bdc29e5a8538834fee5320ae4e90add1f63c0b76648d5af7d49aa5e44de727493db7411aaafc6c0c7a7c3b0168347dec249894e3a16c5c76db177f11e52eb0df057f84793cb8b85636daa861b6575d05dcc349d1f74877eebed3eea1420254dab994638c14eb84c09f3bc62e61f64bd00cf13ca7045dc4bdfd8449dd4b4946483ac229c9eef6b1f04163e2d2832915431b2624f549cb812a75f240aa87dbc543b7bc1f92cabd1fef02150b981a95fa485e6b698002a08bafee53df95f442e66ab3416032f7855e42ae1c57ccfafaaf1da9d6e1b0c01d3a86b StartPos:6999 CDNThumbImgHeight:100 CDNThumbImgWidth:100]" 
time="2016-12-05T13:49:23+08:00" level=debug msg="upload media[/Users/reezhou/Desktop/xman/src/github.com/reechou/gorobot/blog_right.png] success, id: @crypt_19e67973_5e17ba7aa79e17616886b8ec8c6c3a3316a6c5db54bc6f683d91f3181ef7ec4cdd896764e193aa65f89676539325b136cf8355cf798e4be81268c54d6934b00ac914c1221908100df7b7cf08cfdfc74f534bad212a199f7bdc29e5a8538834fee5320ae4e90add1f63c0b76648d5af7d49aa5e44de727493db7411aaafc6c0c7a7c3b0168347dec249894e3a16c5c76db177f11e52eb0df057f84793cb8b85636daa861b6575d05dcc349d1f74877eebed3eea1420254dab994638c14eb84c09f3bc62e61f64bd00cf13ca7045dc4bdfd8449dd4b4946483ac229c9eef6b1f04163e2d2832915431b2624f549cb812a75f240aa87dbc543b7bc1f92cabd1fef02150b981a95fa485e6b698002a08bafee53df95f442e66ab3416032f7855e42ae1c57ccfafaaf1da9d6e1b0c01d3a86b" 
time="2016-12-05T13:49:23+08:00" level=debug msg="wx send mediaId[@crypt_19e67973_5e17ba7aa79e17616886b8ec8c6c3a3316a6c5db54bc6f683d91f3181ef7ec4cdd896764e193aa65f89676539325b136cf8355cf798e4be81268c54d6934b00ac914c1221908100df7b7cf08cfdfc74f534bad212a199f7bdc29e5a8538834fee5320ae4e90add1f63c0b76648d5af7d49aa5e44de727493db7411aaafc6c0c7a7c3b0168347dec249894e3a16c5c76db177f11e52eb0df057f84793cb8b85636daa861b6575d05dcc349d1f74877eebed3eea1420254dab994638c14eb84c09f3bc62e61f64bd00cf13ca7045dc4bdfd8449dd4b4946483ac229c9eef6b1f04163e2d2832915431b2624f549cb812a75f240aa87dbc543b7bc1f92cabd1fef02150b981a95fa485e6b698002a08bafee53df95f442e66ab3416032f7855e42ae1c57ccfafaaf1da9d6e1b0c01d3a86b] toUserName[@43bfbeb2ca9312595f76f9c90473133816b7e11320ada492ac9e01d71628e5be] get data[{\n\"BaseResponse\": {\n\"Ret\": 0,\n\"ErrMsg\": \"\"\n}\n,\n\"MsgID\": \"1407931315903130395\",\n\"LocalID\": \"14809169631510472\"\n}\n] success." 
time="2016-12-05T13:49:23+08:00" level=debug msg="wx send msg[xxxxx] toUserName[@43bfbeb2ca9312595f76f9c90473133816b7e11320ada492ac9e01d71628e5be] success." 
time="2016-12-05T13:49:23+08:00" level=debug msg="event manager reveive msg: &{小背带 addfriend people fmessage 幂幂   v2_0ad0b4cee5429d2005ee6aa8f784bd68e74a9dc9f9a56f80885dc4ffb02b8878baa9e2fde355cebfd052c4587d12fd47cb1a790965c3061cd969978b8c81b65c@stranger}" 
time="2016-12-05T13:49:59+08:00" level=debug msg="receive nickName[可口爱心] with friend." 
time="2016-12-05T13:50:00+08:00" level=debug msg="webwxverifyuser usrname[@d28d80d27a83d79dc54e846c3133e6f8ed4abbae0d4b5190535deb10594b3237] success, get data[{\n\"BaseResponse\": {\n\"Ret\": 0,\n\"ErrMsg\": \"\"\n}\n\n}\n]." 
time="2016-12-05T13:50:00+08:00" level=debug msg="upload data: map[StartPos:6999 CDNThumbImgHeight:100 CDNThumbImgWidth:100 BaseResponse:map[Ret:0 ErrMsg:] MediaId:@crypt_19e67973_5e17ba7aa79e17616886b8ec8c6c3a3316a6c5db54bc6f683d91f3181ef7ec4cdd896764e193aa65f89676539325b136cf8355cf798e4be81268c54d6934b00ac914c1221908100df7b7cf08cfdfc74f534bad212a199f7bdc29e5a8538834fee5320ae4e90add1f63c0b76648d5af7d49aa5e44de727493db7411aaafc6c0c7a7c3b0168347dec249894e3a16c5c76db177f11e52eb0df057f84793cb8b85636daa861b6575d05dcc349d1f74877eebed3eea1420254dab994638c14eb84c09f3bc62e61f64bd00cf13ca7045dc4bdfd8449dd4b4946483ac229c9eef6b1f04163e2d2832915431b2624f549cb812a75f240aa87dbc543b7bc1f92cabd1fef02150b981a95fa485e6b698002a08bafee53df95f442e66ab3416032f7855e42ae1c57ccfafaaf1da9d6e1b0c01d3a86b]" 
time="2016-12-05T13:50:00+08:00" level=debug msg="upload media[/Users/reezhou/Desktop/xman/src/github.com/reechou/gorobot/blog_right.png] success, id: @crypt_19e67973_5e17ba7aa79e17616886b8ec8c6c3a3316a6c5db54bc6f683d91f3181ef7ec4cdd896764e193aa65f89676539325b136cf8355cf798e4be81268c54d6934b00ac914c1221908100df7b7cf08cfdfc74f534bad212a199f7bdc29e5a8538834fee5320ae4e90add1f63c0b76648d5af7d49aa5e44de727493db7411aaafc6c0c7a7c3b0168347dec249894e3a16c5c76db177f11e52eb0df057f84793cb8b85636daa861b6575d05dcc349d1f74877eebed3eea1420254dab994638c14eb84c09f3bc62e61f64bd00cf13ca7045dc4bdfd8449dd4b4946483ac229c9eef6b1f04163e2d2832915431b2624f549cb812a75f240aa87dbc543b7bc1f92cabd1fef02150b981a95fa485e6b698002a08bafee53df95f442e66ab3416032f7855e42ae1c57ccfafaaf1da9d6e1b0c01d3a86b" 
time="2016-12-05T13:50:00+08:00" level=debug msg="wx send mediaId[@crypt_19e67973_5e17ba7aa79e17616886b8ec8c6c3a3316a6c5db54bc6f683d91f3181ef7ec4cdd896764e193aa65f89676539325b136cf8355cf798e4be81268c54d6934b00ac914c1221908100df7b7cf08cfdfc74f534bad212a199f7bdc29e5a8538834fee5320ae4e90add1f63c0b76648d5af7d49aa5e44de727493db7411aaafc6c0c7a7c3b0168347dec249894e3a16c5c76db177f11e52eb0df057f84793cb8b85636daa861b6575d05dcc349d1f74877eebed3eea1420254dab994638c14eb84c09f3bc62e61f64bd00cf13ca7045dc4bdfd8449dd4b4946483ac229c9eef6b1f04163e2d2832915431b2624f549cb812a75f240aa87dbc543b7bc1f92cabd1fef02150b981a95fa485e6b698002a08bafee53df95f442e66ab3416032f7855e42ae1c57ccfafaaf1da9d6e1b0c01d3a86b] toUserName[@d28d80d27a83d79dc54e846c3133e6f8ed4abbae0d4b5190535deb10594b3237] get data[{\n\"BaseResponse\": {\n\"Ret\": 0,\n\"ErrMsg\": \"\"\n}\n,\n\"MsgID\": \"2781168863653373356\",\n\"LocalID\": \"14809170004860025\"\n}\n] success." 
time="2016-12-05T13:50:01+08:00" level=debug msg="wx send msg[xxxxx] toUserName[@d28d80d27a83d79dc54e846c3133e6f8ed4abbae0d4b5190535deb10594b3237] success." 
time="2016-12-05T13:50:01+08:00" level=debug msg="event manager reveive msg: &{小背带 addfriend people fmessage 可口爱心   v2_02486e070e22965466bc2dacb751959570a7d17cdf3e35b15f2f594e23d73d8df789fb78736504c23327da756fa5946017993de2a1481c28a431ee90ffba5d04@stranger}" 
time="2016-12-05T13:50:21+08:00" level=debug msg="receive nickName[排骨么么哒] with friend." 
time="2016-12-05T13:50:21+08:00" level=debug msg="webwxverifyuser usrname[@724dffb33c975d0f59f49b7b43e790825f08de28e09dd607a93d845b93edca7a] success, get data[{\n\"BaseResponse\": {\n\"Ret\": 0,\n\"ErrMsg\": \"\"\n}\n\n}\n]." 
time="2016-12-05T13:50:22+08:00" level=debug msg="upload data: map[BaseResponse:map[Ret:0 ErrMsg:] MediaId:@crypt_19e67973_5e17ba7aa79e17616886b8ec8c6c3a3316a6c5db54bc6f683d91f3181ef7ec4cdd896764e193aa65f89676539325b136cf8355cf798e4be81268c54d6934b00ac914c1221908100df7b7cf08cfdfc74f534bad212a199f7bdc29e5a8538834fee5320ae4e90add1f63c0b76648d5af7d49aa5e44de727493db7411aaafc6c0c7a7c3b0168347dec249894e3a16c5c76db177f11e52eb0df057f84793cb8b85636daa861b6575d05dcc349d1f74877eebed3eea1420254dab994638c14eb84c09f3bc62e61f64bd00cf13ca7045dc4bdfd8449dd4b4946483ac229c9eef6b1f04163e2d2832915431b2624f549cb812a75f240aa87dbc543b7bc1f92cabd1fef02150b981a95fa485e6b698002a08bafee53df95f442e66ab3416032f7855e42ae1c57ccfafaaf1da9d6e1b0c01d3a86b StartPos:6999 CDNThumbImgHeight:100 CDNThumbImgWidth:100]" 
time="2016-12-05T13:50:22+08:00" level=debug msg="upload media[/Users/reezhou/Desktop/xman/src/github.com/reechou/gorobot/blog_right.png] success, id: @crypt_19e67973_5e17ba7aa79e17616886b8ec8c6c3a3316a6c5db54bc6f683d91f3181ef7ec4cdd896764e193aa65f89676539325b136cf8355cf798e4be81268c54d6934b00ac914c1221908100df7b7cf08cfdfc74f534bad212a199f7bdc29e5a8538834fee5320ae4e90add1f63c0b76648d5af7d49aa5e44de727493db7411aaafc6c0c7a7c3b0168347dec249894e3a16c5c76db177f11e52eb0df057f84793cb8b85636daa861b6575d05dcc349d1f74877eebed3eea1420254dab994638c14eb84c09f3bc62e61f64bd00cf13ca7045dc4bdfd8449dd4b4946483ac229c9eef6b1f04163e2d2832915431b2624f549cb812a75f240aa87dbc543b7bc1f92cabd1fef02150b981a95fa485e6b698002a08bafee53df95f442e66ab3416032f7855e42ae1c57ccfafaaf1da9d6e1b0c01d3a86b" 
time="2016-12-05T13:50:22+08:00" level=debug msg="wx send mediaId[@crypt_19e67973_5e17ba7aa79e17616886b8ec8c6c3a3316a6c5db54bc6f683d91f3181ef7ec4cdd896764e193aa65f89676539325b136cf8355cf798e4be81268c54d6934b00ac914c1221908100df7b7cf08cfdfc74f534bad212a199f7bdc29e5a8538834fee5320ae4e90add1f63c0b76648d5af7d49aa5e44de727493db7411aaafc6c0c7a7c3b0168347dec249894e3a16c5c76db177f11e52eb0df057f84793cb8b85636daa861b6575d05dcc349d1f74877eebed3eea1420254dab994638c14eb84c09f3bc62e61f64bd00cf13ca7045dc4bdfd8449dd4b4946483ac229c9eef6b1f04163e2d2832915431b2624f549cb812a75f240aa87dbc543b7bc1f92cabd1fef02150b981a95fa485e6b698002a08bafee53df95f442e66ab3416032f7855e42ae1c57ccfafaaf1da9d6e1b0c01d3a86b] toUserName[@724dffb33c975d0f59f49b7b43e790825f08de28e09dd607a93d845b93edca7a] get data[{\n\"BaseResponse\": {\n\"Ret\": 0,\n\"ErrMsg\": \"\"\n}\n,\n\"MsgID\": \"204210008906247173\",\n\"LocalID\": \"14809170220730166\"\n}\n] success." 
time="2016-12-05T13:50:22+08:00" level=debug msg="wx send msg[xxxxx] toUserName[@724dffb33c975d0f59f49b7b43e790825f08de28e09dd607a93d845b93edca7a] success." 
time="2016-12-05T13:50:22+08:00" level=debug msg="event manager reveive msg: &{小背带 addfriend people fmessage 排骨么么哒   v2_6dda7ae1e3d1f35ba62b8f3280d59915864c59bb0d01d40425fbc9d7556d33ddecebcaf7e8037dc6a7a60c591d6402ce5315acbd7228786b8b212f2fa7d2211c@stranger}" 
time="2016-12-05T13:50:37+08:00" level=debug msg="[*] 成功截获微信初始化消息" 
